<?xml version="1.0" encoding="UTF-8"?>
<!-- Generated by org.testng.reporters.JUnitReportReporter -->
<testsuite hostname="Priyankas-MacBook-Air.local" failures="0" tests="1" name="tests.homePageCopy" time="76.584" errors="0" timestamp="2023-03-22T13:56:26 EDT" skipped="0">
  <testcase classname="tests.homePageCopy" name="landingPage" time="76.584"/>
  <system-out/>
</testsuite> <!-- tests.homePageCopy -->
