<?xml version="1.0" encoding="UTF-8"?>
<!-- Generated by org.testng.reporters.JUnitReportReporter -->
<testsuite hostname="Priyankas-MacBook-Air.local" failures="0" tests="1" name="tests.homePage" time="26.530" errors="0" timestamp="2023-04-18T12:29:20 EDT" skipped="0">
  <testcase classname="tests.homePage" name="categorizedProducts" time="26.530"/>
  <system-out/>
</testsuite> <!-- tests.homePage -->
