<?xml version="1.0" encoding="UTF-8"?>
<!-- Generated by org.testng.reporters.JUnitReportReporter -->
<testsuite hostname="Priyankas-MacBook-Air.local" failures="0" tests="1" name="tests.homePage2" time="89.263" errors="0" timestamp="2023-03-29T12:12:40 EDT" skipped="0">
  <testcase classname="tests.homePage2" name="landingPage" time="89.263"/>
  <system-out/>
</testsuite> <!-- tests.homePage2 -->
