<?xml version="1.0" encoding="UTF-8"?>
<!-- Generated by org.testng.reporters.JUnitReportReporter -->
<testsuite hostname="Priyankas-MacBook-Air.local" failures="0" tests="1" name="tests.errorValidation" time="14.335" errors="0" timestamp="2023-03-29T12:12:40 EDT" skipped="0">
  <testcase classname="tests.errorValidation" name="validation" time="14.335"/>
  <system-out/>
</testsuite> <!-- tests.errorValidation -->
