<?xml version="1.0" encoding="UTF-8"?>
<!-- Generated by org.testng.reporters.JUnitReportReporter -->
<testsuite hostname="Priyankas-MacBook-Air.local" failures="0" tests="7" name="tests.homePage" time="130.683" errors="0" timestamp="2023-03-29T12:12:40 EDT" skipped="1">
  <testcase classname="tests.homePage" name="validLogin" time="26.434"/>
  <system-out/>
  <testcase classname="tests.homePage" name="validUsername" time="19.187"/>
  <system-out/>
  <testcase classname="tests.homePage" name="leavingUsernameBlank" time="16.648"/>
  <system-out/>
  <testcase classname="tests.homePage" name="leavingPasswordBlank" time="15.803"/>
  <system-out/>
  <testcase classname="tests.homePage" name="validUsername" time="20.300">
    <skipped/>
  </testcase> <!-- validUsername -->
  <system-out/>
  <testcase classname="tests.homePage" name="invalidUsername" time="16.904"/>
  <system-out/>
  <testcase classname="tests.homePage" name="createNewAccount" time="15.407"/>
  <system-out/>
</testsuite> <!-- tests.homePage -->
