<?xml version="1.0" encoding="UTF-8"?>
<!-- Generated by org.testng.reporters.JUnitReportReporter -->
<testsuite hostname="Priyankas-MacBook-Air.local" failures="0" tests="1" name="tests.errorValidation" time="24.252" errors="0" timestamp="2023-04-18T12:29:20 EDT" skipped="0">
  <testcase classname="tests.errorValidation" name="validation" time="24.252"/>
  <system-out/>
</testsuite> <!-- tests.errorValidation -->
