<?xml version="1.0" encoding="UTF-8"?>
<!-- Generated by org.testng.reporters.JUnitReportReporter -->
<testsuite hostname="Priyankas-MacBook-Air.local" failures="0" tests="4" name="tests.shoppingTest" time="145.269" errors="0" timestamp="2023-03-29T12:12:40 EDT" skipped="0">
  <testcase classname="tests.shoppingTest" name="editQuantity" time="39.232"/>
  <system-out/>
  <testcase classname="tests.shoppingTest" name="removeProductsFromCart" time="35.365"/>
  <system-out/>
  <testcase classname="tests.shoppingTest" name="addProductToCart" time="41.983"/>
  <system-out/>
  <testcase classname="tests.shoppingTest" name="buyNowButton" time="28.689"/>
  <system-out/>
</testsuite> <!-- tests.shoppingTest -->
